0 info it worked if it ends with ok
1 verbose cli [ '/usr/bin/node',
1 verbose cli   '/usr/bin/npm',
1 verbose cli   'install',
1 verbose cli   '--save-dev',
1 verbose cli   'react@16.8.5',
1 verbose cli   'react-dom@16.8.5',
1 verbose cli   '--color=always' ]
2 info using npm@3.5.2
3 info using node@v8.10.0
4 silly loadCurrentTree Starting
5 silly install loadCurrentTree
6 silly install readLocalPackageData
7 silly fetchPackageMetaData react@16.8.5
8 silly fetchPackageMetaData react-dom@16.8.5
9 silly fetchNamedPackageData react
10 silly mapToRegistry name react
11 silly mapToRegistry using default registry
12 silly mapToRegistry registry https://registry.npmjs.org/
13 silly mapToRegistry uri https://registry.npmjs.org/react
14 silly fetchNamedPackageData react-dom
15 silly mapToRegistry name react-dom
16 silly mapToRegistry using default registry
17 silly mapToRegistry registry https://registry.npmjs.org/
18 silly mapToRegistry uri https://registry.npmjs.org/react-dom
19 verbose request uri https://registry.npmjs.org/react-dom
20 verbose request no auth needed
21 info attempt registry request try #1 at 5:25:05 PM
22 verbose request using bearer token for auth
23 verbose request id cf230aa938442734
24 verbose etag W/"fa2d3bd98145ea800992a2aeef932fbe"
25 verbose lastModified Thu, 21 Feb 2019 18:03:17 GMT
26 http request GET https://registry.npmjs.org/react-dom
27 verbose request uri https://registry.npmjs.org/react
28 verbose request no auth needed
29 info attempt registry request try #1 at 5:25:05 PM
30 verbose request using bearer token for auth
31 verbose etag W/"539bd994e5a7557109d246aa36c3df5f"
32 verbose lastModified Thu, 21 Feb 2019 18:03:01 GMT
33 http request GET https://registry.npmjs.org/react
34 http 200 https://registry.npmjs.org/react-dom
35 verbose headers { date: 'Tue, 26 Mar 2019 22:25:05 GMT',
35 verbose headers   'content-type': 'application/json',
35 verbose headers   'transfer-encoding': 'chunked',
35 verbose headers   connection: 'keep-alive',
35 verbose headers   'set-cookie':
35 verbose headers    [ '__cfduid=d9721b1ed4c3c310770670c3d99b33bae1553639105; expires=Wed, 25-Mar-20 22:25:05 GMT; path=/; domain=.registry.npmjs.org; HttpOnly' ],
35 verbose headers   'cf-cache-status': 'HIT',
35 verbose headers   'cache-control': 'max-age=300',
35 verbose headers   'cf-ray': '4bdc89d88d61c63d-MSP',
35 verbose headers   etag: 'W/"af804f76a71247e762638be693b3189c"',
35 verbose headers   'expect-ct': 'max-age=604800, report-uri="https://report-uri.cloudflare.com/cdn-cgi/beacon/expect-ct"',
35 verbose headers   'last-modified': 'Fri, 22 Mar 2019 16:40:42 GMT',
35 verbose headers   vary: 'accept-encoding, accept',
35 verbose headers   'x-amz-meta-rev': '483-5f2b1d3c3c490719609bf4bda053caab',
35 verbose headers   server: 'cloudflare',
35 verbose headers   'content-encoding': 'gzip' }
36 silly get cb [ 200,
36 silly get   { date: 'Tue, 26 Mar 2019 22:25:05 GMT',
36 silly get     'content-type': 'application/json',
36 silly get     'transfer-encoding': 'chunked',
36 silly get     connection: 'keep-alive',
36 silly get     'set-cookie':
36 silly get      [ '__cfduid=d9721b1ed4c3c310770670c3d99b33bae1553639105; expires=Wed, 25-Mar-20 22:25:05 GMT; path=/; domain=.registry.npmjs.org; HttpOnly' ],
36 silly get     'cf-cache-status': 'HIT',
36 silly get     'cache-control': 'max-age=300',
36 silly get     'cf-ray': '4bdc89d88d61c63d-MSP',
36 silly get     etag: 'W/"af804f76a71247e762638be693b3189c"',
36 silly get     'expect-ct': 'max-age=604800, report-uri="https://report-uri.cloudflare.com/cdn-cgi/beacon/expect-ct"',
36 silly get     'last-modified': 'Fri, 22 Mar 2019 16:40:42 GMT',
36 silly get     vary: 'accept-encoding, accept',
36 silly get     'x-amz-meta-rev': '483-5f2b1d3c3c490719609bf4bda053caab',
36 silly get     server: 'cloudflare',
36 silly get     'content-encoding': 'gzip' } ]
37 verbose get saving react-dom to /home/sbushman/.npm/registry.npmjs.org/react-dom/.cache.json
38 http 200 https://registry.npmjs.org/react
39 verbose headers { date: 'Tue, 26 Mar 2019 22:25:05 GMT',
39 verbose headers   'content-type': 'application/json',
39 verbose headers   'transfer-encoding': 'chunked',
39 verbose headers   connection: 'keep-alive',
39 verbose headers   'set-cookie':
39 verbose headers    [ '__cfduid=d495e940473c3ac6f3724b08fe942ba361553639105; expires=Wed, 25-Mar-20 22:25:05 GMT; path=/; domain=.registry.npmjs.org; HttpOnly' ],
39 verbose headers   'cf-cache-status': 'HIT',
39 verbose headers   'cache-control': 'max-age=300',
39 verbose headers   'cf-ray': '4bdc89d88a28c645-MSP',
39 verbose headers   etag: 'W/"07f3066033845035d62cee58d674987a"',
39 verbose headers   'expect-ct': 'max-age=604800, report-uri="https://report-uri.cloudflare.com/cdn-cgi/beacon/expect-ct"',
39 verbose headers   'last-modified': 'Fri, 22 Mar 2019 16:40:27 GMT',
39 verbose headers   vary: 'accept-encoding, accept',
39 verbose headers   'x-amz-meta-rev': '1237-5e2640750b5a48eb54fb646f36ba0acb',
39 verbose headers   server: 'cloudflare',
39 verbose headers   'content-encoding': 'gzip' }
40 silly get cb [ 200,
40 silly get   { date: 'Tue, 26 Mar 2019 22:25:05 GMT',
40 silly get     'content-type': 'application/json',
40 silly get     'transfer-encoding': 'chunked',
40 silly get     connection: 'keep-alive',
40 silly get     'set-cookie':
40 silly get      [ '__cfduid=d495e940473c3ac6f3724b08fe942ba361553639105; expires=Wed, 25-Mar-20 22:25:05 GMT; path=/; domain=.registry.npmjs.org; HttpOnly' ],
40 silly get     'cf-cache-status': 'HIT',
40 silly get     'cache-control': 'max-age=300',
40 silly get     'cf-ray': '4bdc89d88a28c645-MSP',
40 silly get     etag: 'W/"07f3066033845035d62cee58d674987a"',
40 silly get     'expect-ct': 'max-age=604800, report-uri="https://report-uri.cloudflare.com/cdn-cgi/beacon/expect-ct"',
40 silly get     'last-modified': 'Fri, 22 Mar 2019 16:40:27 GMT',
40 silly get     vary: 'accept-encoding, accept',
40 silly get     'x-amz-meta-rev': '1237-5e2640750b5a48eb54fb646f36ba0acb',
40 silly get     server: 'cloudflare',
40 silly get     'content-encoding': 'gzip' } ]
41 verbose get saving react to /home/sbushman/.npm/registry.npmjs.org/react/.cache.json
42 silly install normalizeTree
43 silly loadCurrentTree Finishing
44 silly loadIdealTree Starting
45 silly install loadIdealTree
46 silly cloneCurrentTree Starting
47 silly install cloneCurrentTreeToIdealTree
48 silly cloneCurrentTree Finishing
49 silly loadShrinkwrap Starting
50 silly install loadShrinkwrap
51 silly loadShrinkwrap Finishing
52 silly loadAllDepsIntoIdealTree Starting
53 silly install loadAllDepsIntoIdealTree
54 silly resolveWithNewModule react@16.8.5 checking installable status
55 silly cache add args [ 'react@16.8.5', null ]
56 verbose cache add spec react@16.8.5
57 silly resolveWithNewModule react-dom@16.8.5 checking installable status
58 silly cache add args [ 'react-dom@16.8.5', null ]
59 verbose cache add spec react-dom@16.8.5
60 silly cache add parsed spec Result {
60 silly cache add   raw: 'react@16.8.5',
60 silly cache add   scope: null,
60 silly cache add   name: 'react',
60 silly cache add   rawSpec: '16.8.5',
60 silly cache add   spec: '16.8.5',
60 silly cache add   type: 'version' }
61 silly addNamed react@16.8.5
62 verbose addNamed "16.8.5" is a plain semver version for react
63 silly mapToRegistry name react
64 silly mapToRegistry using default registry
65 silly mapToRegistry registry https://registry.npmjs.org/
66 silly mapToRegistry uri https://registry.npmjs.org/react
67 verbose addNameVersion registry:https://registry.npmjs.org/react not in flight; fetching
68 silly cache add parsed spec Result {
68 silly cache add   raw: 'react-dom@16.8.5',
68 silly cache add   scope: null,
68 silly cache add   name: 'react-dom',
68 silly cache add   rawSpec: '16.8.5',
68 silly cache add   spec: '16.8.5',
68 silly cache add   type: 'version' }
69 silly addNamed react-dom@16.8.5
70 verbose addNamed "16.8.5" is a plain semver version for react-dom
71 silly mapToRegistry name react-dom
72 silly mapToRegistry using default registry
73 silly mapToRegistry registry https://registry.npmjs.org/
74 silly mapToRegistry uri https://registry.npmjs.org/react-dom
75 verbose addNameVersion registry:https://registry.npmjs.org/react-dom not in flight; fetching
76 verbose get https://registry.npmjs.org/react not expired, no request
77 verbose get https://registry.npmjs.org/react-dom not expired, no request
78 silly mapToRegistry name react
79 silly mapToRegistry using default registry
80 silly mapToRegistry registry https://registry.npmjs.org/
81 silly mapToRegistry uri https://registry.npmjs.org/react
82 verbose addRemoteTarball https://registry.npmjs.org/react/-/react-16.8.5.tgz not in flight; adding
83 verbose addRemoteTarball [ 'https://registry.npmjs.org/react/-/react-16.8.5.tgz',
83 verbose addRemoteTarball   '49be3b655489d74504ad994016407e8a0445de66' ]
84 silly mapToRegistry name react-dom
85 silly mapToRegistry using default registry
86 silly mapToRegistry registry https://registry.npmjs.org/
87 silly mapToRegistry uri https://registry.npmjs.org/react-dom
88 verbose addRemoteTarball https://registry.npmjs.org/react-dom/-/react-dom-16.8.5.tgz not in flight; adding
89 verbose addRemoteTarball [ 'https://registry.npmjs.org/react-dom/-/react-dom-16.8.5.tgz',
89 verbose addRemoteTarball   'b3e37d152b49e07faaa8de41fdf562be3463335e' ]
90 info retry fetch attempt 1 at 5:25:05 PM
91 info attempt registry request try #1 at 5:25:05 PM
92 http fetch GET https://registry.npmjs.org/react/-/react-16.8.5.tgz
93 verbose request using bearer token for auth
94 info retry fetch attempt 1 at 5:25:05 PM
95 info attempt registry request try #1 at 5:25:05 PM
96 http fetch GET https://registry.npmjs.org/react-dom/-/react-dom-16.8.5.tgz
97 verbose request using bearer token for auth
98 http fetch 200 https://registry.npmjs.org/react/-/react-16.8.5.tgz
99 http fetch 200 https://registry.npmjs.org/react-dom/-/react-dom-16.8.5.tgz
100 silly fetchAndShaCheck shasum 49be3b655489d74504ad994016407e8a0445de66
101 verbose addTmpTarball /tmp/npm-4183-a539bc6c/registry.npmjs.org/react/-/react-16.8.5.tgz not in flight; adding
102 verbose addTmpTarball already have metadata; skipping unpack for react@16.8.5
103 silly cache afterAdd react@16.8.5
104 verbose afterAdd /home/sbushman/.npm/react/16.8.5/package/package.json not in flight; writing
105 verbose afterAdd /home/sbushman/.npm/react/16.8.5/package/package.json written
106 silly fetchAndShaCheck shasum b3e37d152b49e07faaa8de41fdf562be3463335e
107 verbose addTmpTarball /tmp/npm-4183-a539bc6c/registry.npmjs.org/react-dom/-/react-dom-16.8.5.tgz not in flight; adding
108 verbose addTmpTarball already have metadata; skipping unpack for react-dom@16.8.5
109 silly cache afterAdd react-dom@16.8.5
110 verbose afterAdd /home/sbushman/.npm/react-dom/16.8.5/package/package.json not in flight; writing
111 verbose afterAdd /home/sbushman/.npm/react-dom/16.8.5/package/package.json written
112 silly fetchNamedPackageData loose-envify
113 silly mapToRegistry name loose-envify
114 silly mapToRegistry using default registry
115 silly mapToRegistry registry https://registry.npmjs.org/
116 silly mapToRegistry uri https://registry.npmjs.org/loose-envify
117 silly fetchNamedPackageData object-assign
118 silly mapToRegistry name object-assign
119 silly mapToRegistry using default registry
120 silly mapToRegistry registry https://registry.npmjs.org/
121 silly mapToRegistry uri https://registry.npmjs.org/object-assign
122 silly fetchNamedPackageData prop-types
123 silly mapToRegistry name prop-types
124 silly mapToRegistry using default registry
125 silly mapToRegistry registry https://registry.npmjs.org/
126 silly mapToRegistry uri https://registry.npmjs.org/prop-types
127 silly fetchNamedPackageData scheduler
128 silly mapToRegistry name scheduler
129 silly mapToRegistry using default registry
130 silly mapToRegistry registry https://registry.npmjs.org/
131 silly mapToRegistry uri https://registry.npmjs.org/scheduler
132 verbose request uri https://registry.npmjs.org/object-assign
133 verbose request no auth needed
134 info attempt registry request try #1 at 5:25:05 PM
135 verbose request using bearer token for auth
136 verbose etag W/"d7609bf70dc4cde24cf456be05d80a7c"
137 verbose lastModified Sun, 27 May 2018 10:57:26 GMT
138 http request GET https://registry.npmjs.org/object-assign
139 verbose request uri https://registry.npmjs.org/loose-envify
140 verbose request no auth needed
141 info attempt registry request try #1 at 5:25:05 PM
142 verbose request using bearer token for auth
143 verbose etag W/"ff7dfaf14204cb0931ee4ffe2c39c3ce"
144 verbose lastModified Tue, 10 Jul 2018 11:09:50 GMT
145 http request GET https://registry.npmjs.org/loose-envify
146 verbose request uri https://registry.npmjs.org/scheduler
147 verbose request no auth needed
148 info attempt registry request try #1 at 5:25:05 PM
149 verbose request using bearer token for auth
150 verbose etag W/"a8ac13fba8b766dd8fbe688dee1938c2"
151 verbose lastModified Thu, 21 Feb 2019 18:03:46 GMT
152 http request GET https://registry.npmjs.org/scheduler
153 verbose request uri https://registry.npmjs.org/prop-types
154 verbose request no auth needed
155 info attempt registry request try #1 at 5:25:05 PM
156 verbose request using bearer token for auth
157 verbose etag W/"969bdc495c9c8108a4c2e265d18d3856"
158 verbose lastModified Wed, 13 Feb 2019 20:11:52 GMT
159 http request GET https://registry.npmjs.org/prop-types
160 http 304 https://registry.npmjs.org/object-assign
161 verbose headers { date: 'Tue, 26 Mar 2019 22:25:05 GMT',
161 verbose headers   connection: 'keep-alive',
161 verbose headers   'set-cookie':
161 verbose headers    [ '__cfduid=d9721b1ed4c3c310770670c3d99b33bae1553639105; expires=Wed, 25-Mar-20 22:25:05 GMT; path=/; domain=.registry.npmjs.org; HttpOnly' ],
161 verbose headers   'cf-cache-status': 'HIT',
161 verbose headers   'cache-control': 'max-age=300',
161 verbose headers   'cf-ray': '4bdc89dbaa15c63d-MSP',
161 verbose headers   etag: '"d7609bf70dc4cde24cf456be05d80a7c"',
161 verbose headers   'expect-ct': 'max-age=604800, report-uri="https://report-uri.cloudflare.com/cdn-cgi/beacon/expect-ct"',
161 verbose headers   'last-modified': 'Sun, 27 May 2018 10:57:26 GMT',
161 verbose headers   vary: 'accept-encoding, accept',
161 verbose headers   server: 'cloudflare' }
162 silly get cb [ 304,
162 silly get   { date: 'Tue, 26 Mar 2019 22:25:05 GMT',
162 silly get     connection: 'keep-alive',
162 silly get     'set-cookie':
162 silly get      [ '__cfduid=d9721b1ed4c3c310770670c3d99b33bae1553639105; expires=Wed, 25-Mar-20 22:25:05 GMT; path=/; domain=.registry.npmjs.org; HttpOnly' ],
162 silly get     'cf-cache-status': 'HIT',
162 silly get     'cache-control': 'max-age=300',
162 silly get     'cf-ray': '4bdc89dbaa15c63d-MSP',
162 silly get     etag: '"d7609bf70dc4cde24cf456be05d80a7c"',
162 silly get     'expect-ct': 'max-age=604800, report-uri="https://report-uri.cloudflare.com/cdn-cgi/beacon/expect-ct"',
162 silly get     'last-modified': 'Sun, 27 May 2018 10:57:26 GMT',
162 silly get     vary: 'accept-encoding, accept',
162 silly get     server: 'cloudflare' } ]
163 verbose etag https://registry.npmjs.org/object-assign from cache
164 verbose get saving object-assign to /home/sbushman/.npm/registry.npmjs.org/object-assign/.cache.json
165 http 304 https://registry.npmjs.org/loose-envify
166 verbose headers { date: 'Tue, 26 Mar 2019 22:25:05 GMT',
166 verbose headers   connection: 'keep-alive',
166 verbose headers   'set-cookie':
166 verbose headers    [ '__cfduid=d495e940473c3ac6f3724b08fe942ba361553639105; expires=Wed, 25-Mar-20 22:25:05 GMT; path=/; domain=.registry.npmjs.org; HttpOnly' ],
166 verbose headers   'cf-cache-status': 'HIT',
166 verbose headers   'cache-control': 'max-age=300',
166 verbose headers   'cf-ray': '4bdc89dbaea2c645-MSP',
166 verbose headers   etag: '"ff7dfaf14204cb0931ee4ffe2c39c3ce"',
166 verbose headers   'expect-ct': 'max-age=604800, report-uri="https://report-uri.cloudflare.com/cdn-cgi/beacon/expect-ct"',
166 verbose headers   'last-modified': 'Tue, 10 Jul 2018 11:09:50 GMT',
166 verbose headers   vary: 'accept-encoding, accept',
166 verbose headers   server: 'cloudflare' }
167 silly get cb [ 304,
167 silly get   { date: 'Tue, 26 Mar 2019 22:25:05 GMT',
167 silly get     connection: 'keep-alive',
167 silly get     'set-cookie':
167 silly get      [ '__cfduid=d495e940473c3ac6f3724b08fe942ba361553639105; expires=Wed, 25-Mar-20 22:25:05 GMT; path=/; domain=.registry.npmjs.org; HttpOnly' ],
167 silly get     'cf-cache-status': 'HIT',
167 silly get     'cache-control': 'max-age=300',
167 silly get     'cf-ray': '4bdc89dbaea2c645-MSP',
167 silly get     etag: '"ff7dfaf14204cb0931ee4ffe2c39c3ce"',
167 silly get     'expect-ct': 'max-age=604800, report-uri="https://report-uri.cloudflare.com/cdn-cgi/beacon/expect-ct"',
167 silly get     'last-modified': 'Tue, 10 Jul 2018 11:09:50 GMT',
167 silly get     vary: 'accept-encoding, accept',
167 silly get     server: 'cloudflare' } ]
168 verbose etag https://registry.npmjs.org/loose-envify from cache
169 verbose get saving loose-envify to /home/sbushman/.npm/registry.npmjs.org/loose-envify/.cache.json
170 silly resolveWithNewModule object-assign@4.1.1 checking installable status
171 silly cache add args [ 'object-assign@^4.1.1', null ]
172 verbose cache add spec object-assign@^4.1.1
173 silly cache add parsed spec Result {
173 silly cache add   raw: 'object-assign@^4.1.1',
173 silly cache add   scope: null,
173 silly cache add   name: 'object-assign',
173 silly cache add   rawSpec: '^4.1.1',
173 silly cache add   spec: '>=4.1.1 <5.0.0',
173 silly cache add   type: 'range' }
174 silly addNamed object-assign@>=4.1.1 <5.0.0
175 verbose addNamed ">=4.1.1 <5.0.0" is a valid semver range for object-assign
176 silly addNameRange { name: 'object-assign',
176 silly addNameRange   range: '>=4.1.1 <5.0.0',
176 silly addNameRange   hasData: false }
177 silly mapToRegistry name object-assign
178 silly mapToRegistry using default registry
179 silly mapToRegistry registry https://registry.npmjs.org/
180 silly mapToRegistry uri https://registry.npmjs.org/object-assign
181 verbose addNameRange registry:https://registry.npmjs.org/object-assign not in flight; fetching
182 silly resolveWithNewModule loose-envify@1.4.0 checking installable status
183 silly cache add args [ 'loose-envify@^1.1.0', null ]
184 verbose cache add spec loose-envify@^1.1.0
185 silly cache add parsed spec Result {
185 silly cache add   raw: 'loose-envify@^1.1.0',
185 silly cache add   scope: null,
185 silly cache add   name: 'loose-envify',
185 silly cache add   rawSpec: '^1.1.0',
185 silly cache add   spec: '>=1.1.0 <2.0.0',
185 silly cache add   type: 'range' }
186 silly addNamed loose-envify@>=1.1.0 <2.0.0
187 verbose addNamed ">=1.1.0 <2.0.0" is a valid semver range for loose-envify
188 silly addNameRange { name: 'loose-envify', range: '>=1.1.0 <2.0.0', hasData: false }
189 silly mapToRegistry name loose-envify
190 silly mapToRegistry using default registry
191 silly mapToRegistry registry https://registry.npmjs.org/
192 silly mapToRegistry uri https://registry.npmjs.org/loose-envify
193 verbose addNameRange registry:https://registry.npmjs.org/loose-envify not in flight; fetching
194 verbose get https://registry.npmjs.org/object-assign not expired, no request
195 silly addNameRange number 2 { name: 'object-assign', range: '>=4.1.1 <5.0.0', hasData: true }
196 silly addNameRange versions [ 'object-assign',
196 silly addNameRange   [ '0.1.0',
196 silly addNameRange     '0.1.1',
196 silly addNameRange     '0.1.2',
196 silly addNameRange     '0.2.0',
196 silly addNameRange     '0.2.1',
196 silly addNameRange     '0.2.2',
196 silly addNameRange     '0.3.0',
196 silly addNameRange     '0.3.1',
196 silly addNameRange     '0.4.0',
196 silly addNameRange     '1.0.0',
196 silly addNameRange     '2.0.0',
196 silly addNameRange     '3.0.0',
196 silly addNameRange     '2.1.1',
196 silly addNameRange     '4.0.0',
196 silly addNameRange     '4.0.1',
196 silly addNameRange     '4.1.0',
196 silly addNameRange     '4.1.1' ] ]
197 silly addNamed object-assign@4.1.1
198 verbose addNamed "4.1.1" is a plain semver version for object-assign
199 verbose get https://registry.npmjs.org/loose-envify not expired, no request
200 silly addNameRange number 2 { name: 'loose-envify', range: '>=1.1.0 <2.0.0', hasData: true }
201 silly addNameRange versions [ 'loose-envify',
201 silly addNameRange   [ '1.0.0', '1.1.0', '1.2.0', '1.3.0', '1.3.1', '1.4.0' ] ]
202 silly addNamed loose-envify@1.4.0
203 verbose addNamed "1.4.0" is a plain semver version for loose-envify
204 silly cache afterAdd object-assign@4.1.1
205 verbose afterAdd /home/sbushman/.npm/object-assign/4.1.1/package/package.json not in flight; writing
206 silly cache afterAdd loose-envify@1.4.0
207 verbose afterAdd /home/sbushman/.npm/loose-envify/1.4.0/package/package.json not in flight; writing
208 verbose afterAdd /home/sbushman/.npm/object-assign/4.1.1/package/package.json written
209 verbose afterAdd /home/sbushman/.npm/loose-envify/1.4.0/package/package.json written
210 http 304 https://registry.npmjs.org/prop-types
211 verbose headers { date: 'Tue, 26 Mar 2019 22:25:05 GMT',
211 verbose headers   connection: 'keep-alive',
211 verbose headers   'set-cookie':
211 verbose headers    [ '__cfduid=d74575e3ba9ce33c459bc9e25fad9bed11553639105; expires=Wed, 25-Mar-20 22:25:05 GMT; path=/; domain=.registry.npmjs.org; HttpOnly' ],
211 verbose headers   'cf-cache-status': 'HIT',
211 verbose headers   'cache-control': 'max-age=300',
211 verbose headers   'cf-ray': '4bdc89dbed69c655-MSP',
211 verbose headers   etag: '"969bdc495c9c8108a4c2e265d18d3856"',
211 verbose headers   'expect-ct': 'max-age=604800, report-uri="https://report-uri.cloudflare.com/cdn-cgi/beacon/expect-ct"',
211 verbose headers   'last-modified': 'Wed, 13 Feb 2019 20:11:52 GMT',
211 verbose headers   vary: 'accept-encoding, accept',
211 verbose headers   'x-amz-meta-rev': '219-4fa7eab82a740661c49938a120791793',
211 verbose headers   server: 'cloudflare' }
212 silly get cb [ 304,
212 silly get   { date: 'Tue, 26 Mar 2019 22:25:05 GMT',
212 silly get     connection: 'keep-alive',
212 silly get     'set-cookie':
212 silly get      [ '__cfduid=d74575e3ba9ce33c459bc9e25fad9bed11553639105; expires=Wed, 25-Mar-20 22:25:05 GMT; path=/; domain=.registry.npmjs.org; HttpOnly' ],
212 silly get     'cf-cache-status': 'HIT',
212 silly get     'cache-control': 'max-age=300',
212 silly get     'cf-ray': '4bdc89dbed69c655-MSP',
212 silly get     etag: '"969bdc495c9c8108a4c2e265d18d3856"',
212 silly get     'expect-ct': 'max-age=604800, report-uri="https://report-uri.cloudflare.com/cdn-cgi/beacon/expect-ct"',
212 silly get     'last-modified': 'Wed, 13 Feb 2019 20:11:52 GMT',
212 silly get     vary: 'accept-encoding, accept',
212 silly get     'x-amz-meta-rev': '219-4fa7eab82a740661c49938a120791793',
212 silly get     server: 'cloudflare' } ]
213 verbose etag https://registry.npmjs.org/prop-types from cache
214 verbose get saving prop-types to /home/sbushman/.npm/registry.npmjs.org/prop-types/.cache.json
215 silly resolveWithNewModule prop-types@15.7.2 checking installable status
216 silly cache add args [ 'prop-types@^15.6.2', null ]
217 verbose cache add spec prop-types@^15.6.2
218 silly cache add parsed spec Result {
218 silly cache add   raw: 'prop-types@^15.6.2',
218 silly cache add   scope: null,
218 silly cache add   name: 'prop-types',
218 silly cache add   rawSpec: '^15.6.2',
218 silly cache add   spec: '>=15.6.2 <16.0.0',
218 silly cache add   type: 'range' }
219 silly addNamed prop-types@>=15.6.2 <16.0.0
220 verbose addNamed ">=15.6.2 <16.0.0" is a valid semver range for prop-types
221 silly addNameRange { name: 'prop-types', range: '>=15.6.2 <16.0.0', hasData: false }
222 silly mapToRegistry name prop-types
223 silly mapToRegistry using default registry
224 silly mapToRegistry registry https://registry.npmjs.org/
225 silly mapToRegistry uri https://registry.npmjs.org/prop-types
226 verbose addNameRange registry:https://registry.npmjs.org/prop-types not in flight; fetching
227 verbose get https://registry.npmjs.org/prop-types not expired, no request
228 silly addNameRange number 2 { name: 'prop-types', range: '>=15.6.2 <16.0.0', hasData: true }
229 silly addNameRange versions [ 'prop-types',
229 silly addNameRange   [ '0.1.0',
229 silly addNameRange     '0.2.0',
229 silly addNameRange     '15.5.0-alpha.0',
229 silly addNameRange     '15.5.0',
229 silly addNameRange     '15.5.1',
229 silly addNameRange     '15.5.2',
229 silly addNameRange     '15.5.3',
229 silly addNameRange     '15.5.4',
229 silly addNameRange     '15.5.5',
229 silly addNameRange     '15.5.6',
229 silly addNameRange     '15.5.7-alpha',
229 silly addNameRange     '15.5.7-alpha.1',
229 silly addNameRange     '15.5.7',
229 silly addNameRange     '15.5.8',
229 silly addNameRange     '15.5.9',
229 silly addNameRange     '15.5.10',
229 silly addNameRange     '15.6.0',
229 silly addNameRange     '15.6.1',
229 silly addNameRange     '15.6.2',
229 silly addNameRange     '15.7.0',
229 silly addNameRange     '15.7.1',
229 silly addNameRange     '15.7.2' ] ]
230 silly addNamed prop-types@15.7.2
231 verbose addNamed "15.7.2" is a plain semver version for prop-types
232 silly cache afterAdd prop-types@15.7.2
233 verbose afterAdd /home/sbushman/.npm/prop-types/15.7.2/package/package.json not in flight; writing
234 verbose afterAdd /home/sbushman/.npm/prop-types/15.7.2/package/package.json written
235 http 200 https://registry.npmjs.org/scheduler
236 verbose headers { date: 'Tue, 26 Mar 2019 22:25:05 GMT',
236 verbose headers   'content-type': 'application/json',
236 verbose headers   'transfer-encoding': 'chunked',
236 verbose headers   connection: 'keep-alive',
236 verbose headers   'set-cookie':
236 verbose headers    [ '__cfduid=df2bc4bac2cd9e56b8f2fcfd129e98dac1553639105; expires=Wed, 25-Mar-20 22:25:05 GMT; path=/; domain=.registry.npmjs.org; HttpOnly' ],
236 verbose headers   'cf-cache-status': 'HIT',
236 verbose headers   'cache-control': 'max-age=300',
236 verbose headers   'cf-ray': '4bdc89dbe9b9c62d-MSP',
236 verbose headers   etag: 'W/"dcebad9bc63912cd6a8aa678c1c19212"',
236 verbose headers   'expect-ct': 'max-age=604800, report-uri="https://report-uri.cloudflare.com/cdn-cgi/beacon/expect-ct"',
236 verbose headers   'last-modified': 'Fri, 22 Mar 2019 16:41:10 GMT',
236 verbose headers   vary: 'accept-encoding, accept',
236 verbose headers   'x-amz-meta-rev': '94-028e6f2ecc535fbfba14118060ed0ebb',
236 verbose headers   server: 'cloudflare',
236 verbose headers   'content-encoding': 'gzip' }
237 silly get cb [ 200,
237 silly get   { date: 'Tue, 26 Mar 2019 22:25:05 GMT',
237 silly get     'content-type': 'application/json',
237 silly get     'transfer-encoding': 'chunked',
237 silly get     connection: 'keep-alive',
237 silly get     'set-cookie':
237 silly get      [ '__cfduid=df2bc4bac2cd9e56b8f2fcfd129e98dac1553639105; expires=Wed, 25-Mar-20 22:25:05 GMT; path=/; domain=.registry.npmjs.org; HttpOnly' ],
237 silly get     'cf-cache-status': 'HIT',
237 silly get     'cache-control': 'max-age=300',
237 silly get     'cf-ray': '4bdc89dbe9b9c62d-MSP',
237 silly get     etag: 'W/"dcebad9bc63912cd6a8aa678c1c19212"',
237 silly get     'expect-ct': 'max-age=604800, report-uri="https://report-uri.cloudflare.com/cdn-cgi/beacon/expect-ct"',
237 silly get     'last-modified': 'Fri, 22 Mar 2019 16:41:10 GMT',
237 silly get     vary: 'accept-encoding, accept',
237 silly get     'x-amz-meta-rev': '94-028e6f2ecc535fbfba14118060ed0ebb',
237 silly get     server: 'cloudflare',
237 silly get     'content-encoding': 'gzip' } ]
238 verbose get saving scheduler to /home/sbushman/.npm/registry.npmjs.org/scheduler/.cache.json
239 silly resolveWithNewModule scheduler@0.13.5 checking installable status
240 silly cache add args [ 'scheduler@^0.13.5', null ]
241 verbose cache add spec scheduler@^0.13.5
242 silly cache add parsed spec Result {
242 silly cache add   raw: 'scheduler@^0.13.5',
242 silly cache add   scope: null,
242 silly cache add   name: 'scheduler',
242 silly cache add   rawSpec: '^0.13.5',
242 silly cache add   spec: '>=0.13.5 <0.14.0',
242 silly cache add   type: 'range' }
243 silly addNamed scheduler@>=0.13.5 <0.14.0
244 verbose addNamed ">=0.13.5 <0.14.0" is a valid semver range for scheduler
245 silly addNameRange { name: 'scheduler', range: '>=0.13.5 <0.14.0', hasData: false }
246 silly mapToRegistry name scheduler
247 silly mapToRegistry using default registry
248 silly mapToRegistry registry https://registry.npmjs.org/
249 silly mapToRegistry uri https://registry.npmjs.org/scheduler
250 verbose addNameRange registry:https://registry.npmjs.org/scheduler not in flight; fetching
251 verbose get https://registry.npmjs.org/scheduler not expired, no request
252 silly addNameRange number 2 { name: 'scheduler', range: '>=0.13.5 <0.14.0', hasData: true }
253 silly addNameRange versions [ 'scheduler',
253 silly addNameRange   [ '0.1.0',
253 silly addNameRange     '0.1.1',
253 silly addNameRange     '0.5.0',
253 silly addNameRange     '0.5.1',
253 silly addNameRange     '0.5.2',
253 silly addNameRange     '0.5.3',
253 silly addNameRange     '0.6.0',
253 silly addNameRange     '0.6.1',
253 silly addNameRange     '0.7.1',
253 silly addNameRange     '0.8.1',
253 silly addNameRange     '0.9.0',
253 silly addNameRange     '0.10.0-alpha.400d197',
253 silly addNameRange     '0.10.0-alpha.f47a958',
253 silly addNameRange     '0.10.0-alpha.8af6728',
253 silly addNameRange     '0.10.0',
253 silly addNameRange     '0.11.0-alpha.0',
253 silly addNameRange     '0.11.0',
253 silly addNameRange     '0.0.0-b98adb6-8e066f7-PARTIAL',
253 silly addNameRange     '0.0.0-d5e1bf0-aee1b84',
253 silly addNameRange     '0.0.0-a8988e4-1d1a717',
253 silly addNameRange     '0.0.0-8b3c1e4-1d1a717',
253 silly addNameRange     '0.0.0-0c756fb-697f004',
253 silly addNameRange     '0.11.1',
253 silly addNameRange     '0.0.0-0c756fb-f7f79fd',
253 silly addNameRange     '0.11.2',
253 silly addNameRange     '0.12.0-alpha.1',
253 silly addNameRange     '0.12.0-alpha.2',
253 silly addNameRange     '0.0.0-ed4c4a51c',
253 silly addNameRange     '0.0.0-88ada9819',
253 silly addNameRange     '0.0.0-c5b7d26c7',
253 silly addNameRange     '0.12.0-alpha.3',
253 silly addNameRange     '0.11.3',
253 silly addNameRange     '0.0.0-7325ebe4d',
253 silly addNameRange     '0.0.0-4a1072194',
253 silly addNameRange     '0.12.0',
253 silly addNameRange     '0.0.0-f22621f88',
253 silly addNameRange     '0.13.0-alpha.0',
253 silly addNameRange     '0.0.0-3e15b1c69',
253 silly addNameRange     '0.13.0-alpha.1',
253 silly addNameRange     '0.0.0-fec00a869',
253 silly addNameRange     '0.0.0-267ed9814',
253 silly addNameRange     '0.0.0-d1326f466',
253 silly addNameRange     '0.13.0',
253 silly addNameRange     '0.0.0-11565a207',
253 silly addNameRange     '0.13.1',
253 silly addNameRange     '0.0.0-0e4135e8c',
253 silly addNameRange     '0.0.0-dfabb77a9',
253 silly addNameRange     '0.13.2',
253 silly addNameRange     '0.0.0-b668168d4',
253 silly addNameRange     '0.0.0-29b7b775f',
253 silly addNameRange     '0.13.3',
253 silly addNameRange     '0.0.0-741aa17a3',
253 silly addNameRange     '0.13.4',
253 silly addNameRange     '0.0.0-679402a66',
253 silly addNameRange     '0.0.0-f9e41e3a5',
253 silly addNameRange     '0.13.5' ] ]
254 silly addNamed scheduler@0.13.5
255 verbose addNamed "0.13.5" is a plain semver version for scheduler
256 silly mapToRegistry name scheduler
257 silly mapToRegistry using default registry
258 silly mapToRegistry registry https://registry.npmjs.org/
259 silly mapToRegistry uri https://registry.npmjs.org/scheduler
260 verbose addRemoteTarball https://registry.npmjs.org/scheduler/-/scheduler-0.13.5.tgz not in flight; adding
261 verbose addRemoteTarball [ 'https://registry.npmjs.org/scheduler/-/scheduler-0.13.5.tgz',
261 verbose addRemoteTarball   'b7226625167041298af3b98088a9dbbf6d7733a8' ]
262 info retry fetch attempt 1 at 5:25:05 PM
263 info attempt registry request try #1 at 5:25:05 PM
264 http fetch GET https://registry.npmjs.org/scheduler/-/scheduler-0.13.5.tgz
265 verbose request using bearer token for auth
266 http fetch 200 https://registry.npmjs.org/scheduler/-/scheduler-0.13.5.tgz
267 silly fetchAndShaCheck shasum b7226625167041298af3b98088a9dbbf6d7733a8
268 verbose addTmpTarball /tmp/npm-4183-a539bc6c/registry.npmjs.org/scheduler/-/scheduler-0.13.5.tgz not in flight; adding
269 verbose addTmpTarball already have metadata; skipping unpack for scheduler@0.13.5
270 silly cache afterAdd scheduler@0.13.5
271 verbose afterAdd /home/sbushman/.npm/scheduler/0.13.5/package/package.json not in flight; writing
272 verbose afterAdd /home/sbushman/.npm/scheduler/0.13.5/package/package.json written
273 silly fetchNamedPackageData js-tokens
274 silly mapToRegistry name js-tokens
275 silly mapToRegistry using default registry
276 silly mapToRegistry registry https://registry.npmjs.org/
277 silly mapToRegistry uri https://registry.npmjs.org/js-tokens
278 verbose request uri https://registry.npmjs.org/js-tokens
279 verbose request no auth needed
280 info attempt registry request try #1 at 5:25:05 PM
281 verbose request using bearer token for auth
282 verbose etag W/"18dc5eb8de2458b03381bd50474e6122"
283 verbose lastModified Sun, 27 May 2018 05:33:50 GMT
284 http request GET https://registry.npmjs.org/js-tokens
285 http 304 https://registry.npmjs.org/js-tokens
286 verbose headers { date: 'Tue, 26 Mar 2019 22:25:06 GMT',
286 verbose headers   connection: 'keep-alive',
286 verbose headers   'set-cookie':
286 verbose headers    [ '__cfduid=d04f1f50fa92ea6278f5d8bc94e98bd3a1553639106; expires=Wed, 25-Mar-20 22:25:06 GMT; path=/; domain=.registry.npmjs.org; HttpOnly' ],
286 verbose headers   'cf-cache-status': 'HIT',
286 verbose headers   'cache-control': 'max-age=300',
286 verbose headers   'cf-ray': '4bdc89dca867c645-MSP',
286 verbose headers   etag: '"18dc5eb8de2458b03381bd50474e6122"',
286 verbose headers   'expect-ct': 'max-age=604800, report-uri="https://report-uri.cloudflare.com/cdn-cgi/beacon/expect-ct"',
286 verbose headers   'last-modified': 'Sun, 27 May 2018 05:33:50 GMT',
286 verbose headers   vary: 'accept-encoding, accept',
286 verbose headers   server: 'cloudflare' }
287 silly get cb [ 304,
287 silly get   { date: 'Tue, 26 Mar 2019 22:25:06 GMT',
287 silly get     connection: 'keep-alive',
287 silly get     'set-cookie':
287 silly get      [ '__cfduid=d04f1f50fa92ea6278f5d8bc94e98bd3a1553639106; expires=Wed, 25-Mar-20 22:25:06 GMT; path=/; domain=.registry.npmjs.org; HttpOnly' ],
287 silly get     'cf-cache-status': 'HIT',
287 silly get     'cache-control': 'max-age=300',
287 silly get     'cf-ray': '4bdc89dca867c645-MSP',
287 silly get     etag: '"18dc5eb8de2458b03381bd50474e6122"',
287 silly get     'expect-ct': 'max-age=604800, report-uri="https://report-uri.cloudflare.com/cdn-cgi/beacon/expect-ct"',
287 silly get     'last-modified': 'Sun, 27 May 2018 05:33:50 GMT',
287 silly get     vary: 'accept-encoding, accept',
287 silly get     server: 'cloudflare' } ]
288 verbose etag https://registry.npmjs.org/js-tokens from cache
289 verbose get saving js-tokens to /home/sbushman/.npm/registry.npmjs.org/js-tokens/.cache.json
290 silly resolveWithNewModule js-tokens@4.0.0 checking installable status
291 silly cache add args [ 'js-tokens@^3.0.0 || ^4.0.0', null ]
292 verbose cache add spec js-tokens@^3.0.0 || ^4.0.0
293 silly cache add parsed spec Result {
293 silly cache add   raw: 'js-tokens@^3.0.0 || ^4.0.0',
293 silly cache add   scope: null,
293 silly cache add   name: 'js-tokens',
293 silly cache add   rawSpec: '^3.0.0 || ^4.0.0',
293 silly cache add   spec: '>=3.0.0 <4.0.0||>=4.0.0 <5.0.0',
293 silly cache add   type: 'range' }
294 silly addNamed js-tokens@>=3.0.0 <4.0.0||>=4.0.0 <5.0.0
295 verbose addNamed ">=3.0.0 <4.0.0||>=4.0.0 <5.0.0" is a valid semver range for js-tokens
296 silly addNameRange { name: 'js-tokens',
296 silly addNameRange   range: '>=3.0.0 <4.0.0||>=4.0.0 <5.0.0',
296 silly addNameRange   hasData: false }
297 silly mapToRegistry name js-tokens
298 silly mapToRegistry using default registry
299 silly mapToRegistry registry https://registry.npmjs.org/
300 silly mapToRegistry uri https://registry.npmjs.org/js-tokens
301 verbose addNameRange registry:https://registry.npmjs.org/js-tokens not in flight; fetching
302 verbose get https://registry.npmjs.org/js-tokens not expired, no request
303 silly addNameRange number 2 { name: 'js-tokens',
303 silly addNameRange   range: '>=3.0.0 <4.0.0||>=4.0.0 <5.0.0',
303 silly addNameRange   hasData: true }
304 silly addNameRange versions [ 'js-tokens',
304 silly addNameRange   [ '0.1.0',
304 silly addNameRange     '0.2.0',
304 silly addNameRange     '0.3.0',
304 silly addNameRange     '0.3.1',
304 silly addNameRange     '0.4.0',
304 silly addNameRange     '0.4.1',
304 silly addNameRange     '1.0.0',
304 silly addNameRange     '1.0.1',
304 silly addNameRange     '1.0.2',
304 silly addNameRange     '1.0.3',
304 silly addNameRange     '2.0.0',
304 silly addNameRange     '3.0.0',
304 silly addNameRange     '3.0.1',
304 silly addNameRange     '3.0.2',
304 silly addNameRange     '4.0.0' ] ]
305 silly addNamed js-tokens@4.0.0
306 verbose addNamed "4.0.0" is a plain semver version for js-tokens
307 silly cache afterAdd js-tokens@4.0.0
308 verbose afterAdd /home/sbushman/.npm/js-tokens/4.0.0/package/package.json not in flight; writing
309 verbose afterAdd /home/sbushman/.npm/js-tokens/4.0.0/package/package.json written
310 silly fetchNamedPackageData react-is
311 silly mapToRegistry name react-is
312 silly mapToRegistry using default registry
313 silly mapToRegistry registry https://registry.npmjs.org/
314 silly mapToRegistry uri https://registry.npmjs.org/react-is
315 verbose request uri https://registry.npmjs.org/react-is
316 verbose request no auth needed
317 info attempt registry request try #1 at 5:25:06 PM
318 verbose request using bearer token for auth
319 verbose etag W/"b2cc0c14741b30481de849acdd87539f"
320 verbose lastModified Thu, 21 Feb 2019 18:03:23 GMT
321 http request GET https://registry.npmjs.org/react-is
322 http 200 https://registry.npmjs.org/react-is
323 verbose headers { date: 'Tue, 26 Mar 2019 22:25:06 GMT',
323 verbose headers   'content-type': 'application/json',
323 verbose headers   'transfer-encoding': 'chunked',
323 verbose headers   connection: 'keep-alive',
323 verbose headers   'set-cookie':
323 verbose headers    [ '__cfduid=d3f08823b74e2cb401e2e90b037f33d481553639106; expires=Wed, 25-Mar-20 22:25:06 GMT; path=/; domain=.registry.npmjs.org; HttpOnly' ],
323 verbose headers   'cf-cache-status': 'HIT',
323 verbose headers   'cache-control': 'max-age=300',
323 verbose headers   'cf-ray': '4bdc89dd1f03c655-MSP',
323 verbose headers   etag: 'W/"b8e24ab68b03fe6e5e9e90be407b054d"',
323 verbose headers   'expect-ct': 'max-age=604800, report-uri="https://report-uri.cloudflare.com/cdn-cgi/beacon/expect-ct"',
323 verbose headers   'last-modified': 'Fri, 22 Mar 2019 16:40:48 GMT',
323 verbose headers   vary: 'accept-encoding, accept',
323 verbose headers   'x-amz-meta-rev': '87-66c74e70950194de99f51ac1d5b21810',
323 verbose headers   server: 'cloudflare',
323 verbose headers   'content-encoding': 'gzip' }
324 silly get cb [ 200,
324 silly get   { date: 'Tue, 26 Mar 2019 22:25:06 GMT',
324 silly get     'content-type': 'application/json',
324 silly get     'transfer-encoding': 'chunked',
324 silly get     connection: 'keep-alive',
324 silly get     'set-cookie':
324 silly get      [ '__cfduid=d3f08823b74e2cb401e2e90b037f33d481553639106; expires=Wed, 25-Mar-20 22:25:06 GMT; path=/; domain=.registry.npmjs.org; HttpOnly' ],
324 silly get     'cf-cache-status': 'HIT',
324 silly get     'cache-control': 'max-age=300',
324 silly get     'cf-ray': '4bdc89dd1f03c655-MSP',
324 silly get     etag: 'W/"b8e24ab68b03fe6e5e9e90be407b054d"',
324 silly get     'expect-ct': 'max-age=604800, report-uri="https://report-uri.cloudflare.com/cdn-cgi/beacon/expect-ct"',
324 silly get     'last-modified': 'Fri, 22 Mar 2019 16:40:48 GMT',
324 silly get     vary: 'accept-encoding, accept',
324 silly get     'x-amz-meta-rev': '87-66c74e70950194de99f51ac1d5b21810',
324 silly get     server: 'cloudflare',
324 silly get     'content-encoding': 'gzip' } ]
325 verbose get saving react-is to /home/sbushman/.npm/registry.npmjs.org/react-is/.cache.json
326 silly resolveWithNewModule react-is@16.8.5 checking installable status
327 silly cache add args [ 'react-is@^16.8.1', null ]
328 verbose cache add spec react-is@^16.8.1
329 silly cache add parsed spec Result {
329 silly cache add   raw: 'react-is@^16.8.1',
329 silly cache add   scope: null,
329 silly cache add   name: 'react-is',
329 silly cache add   rawSpec: '^16.8.1',
329 silly cache add   spec: '>=16.8.1 <17.0.0',
329 silly cache add   type: 'range' }
330 silly addNamed react-is@>=16.8.1 <17.0.0
331 verbose addNamed ">=16.8.1 <17.0.0" is a valid semver range for react-is
332 silly addNameRange { name: 'react-is', range: '>=16.8.1 <17.0.0', hasData: false }
333 silly mapToRegistry name react-is
334 silly mapToRegistry using default registry
335 silly mapToRegistry registry https://registry.npmjs.org/
336 silly mapToRegistry uri https://registry.npmjs.org/react-is
337 verbose addNameRange registry:https://registry.npmjs.org/react-is not in flight; fetching
338 verbose get https://registry.npmjs.org/react-is not expired, no request
339 silly addNameRange number 2 { name: 'react-is', range: '>=16.8.1 <17.0.0', hasData: true }
340 silly addNameRange versions [ 'react-is',
340 silly addNameRange   [ '1.0.0',
340 silly addNameRange     '16.3.0-alpha.1',
340 silly addNameRange     '16.4.0-alpha.3174632',
340 silly addNameRange     '16.4.0-alpha.0911da3',
340 silly addNameRange     '16.3.0-alpha.2',
340 silly addNameRange     '16.3.0-alpha.3',
340 silly addNameRange     '16.3.0-rc.0',
340 silly addNameRange     '16.3.0',
340 silly addNameRange     '16.3.1',
340 silly addNameRange     '16.3.2',
340 silly addNameRange     '16.4.0',
340 silly addNameRange     '16.4.1',
340 silly addNameRange     '16.4.2',
340 silly addNameRange     '16.5.0',
340 silly addNameRange     '16.5.1',
340 silly addNameRange     '16.6.0-alpha.0',
340 silly addNameRange     '16.5.2',
340 silly addNameRange     '16.6.0-alpha.400d197',
340 silly addNameRange     '16.6.0-alpha.8af6728',
340 silly addNameRange     '16.6.0',
340 silly addNameRange     '16.7.0-alpha.0',
340 silly addNameRange     '16.6.1',
340 silly addNameRange     '0.0.0-d5e1bf0-aee1b84',
340 silly addNameRange     '0.0.0-a8988e4-1d1a717',
340 silly addNameRange     '0.0.0-8b3c1e4-1d1a717',
340 silly addNameRange     '0.0.0-0c756fb-697f004',
340 silly addNameRange     '16.6.2',
340 silly addNameRange     '0.0.0-0c756fb-f7f79fd',
340 silly addNameRange     '16.6.3',
340 silly addNameRange     '16.7.0-alpha.1',
340 silly addNameRange     '16.7.0-alpha.2',
340 silly addNameRange     '0.0.0-ed4c4a51c',
340 silly addNameRange     '0.0.0-88ada9819',
340 silly addNameRange     '0.0.0-c5b7d26c7',
340 silly addNameRange     '0.0.0-7325ebe4d',
340 silly addNameRange     '0.0.0-4a1072194',
340 silly addNameRange     '16.7.0',
340 silly addNameRange     '0.0.0-f22621f88',
340 silly addNameRange     '16.8.0-alpha.0',
340 silly addNameRange     '0.0.0-3e15b1c69',
340 silly addNameRange     '16.8.0-alpha.1',
340 silly addNameRange     '0.0.0-fec00a869',
340 silly addNameRange     '0.0.0-267ed9814',
340 silly addNameRange     '0.0.0-d1326f466',
340 silly addNameRange     '16.8.0',
340 silly addNameRange     '0.0.0-11565a207',
340 silly addNameRange     '16.8.1',
340 silly addNameRange     '0.0.0-0e4135e8c',
340 silly addNameRange     '0.0.0-dfabb77a9',
340 silly addNameRange     '16.8.2',
340 silly addNameRange     '0.0.0-b668168d4',
340 silly addNameRange     '0.0.0-29b7b775f',
340 silly addNameRange     '16.8.3',
340 silly addNameRange     '0.0.0-741aa17a3',
340 silly addNameRange     '16.8.4',
340 silly addNameRange     '0.0.0-679402a66',
340 silly addNameRange     '0.0.0-f9e41e3a5',
340 silly addNameRange     '16.8.5' ] ]
341 silly addNamed react-is@16.8.5
342 verbose addNamed "16.8.5" is a plain semver version for react-is
343 silly mapToRegistry name react-is
344 silly mapToRegistry using default registry
345 silly mapToRegistry registry https://registry.npmjs.org/
346 silly mapToRegistry uri https://registry.npmjs.org/react-is
347 verbose addRemoteTarball https://registry.npmjs.org/react-is/-/react-is-16.8.5.tgz not in flight; adding
348 verbose addRemoteTarball [ 'https://registry.npmjs.org/react-is/-/react-is-16.8.5.tgz',
348 verbose addRemoteTarball   'c54ac229dd66b5afe0de5acbe47647c3da692ff8' ]
349 info retry fetch attempt 1 at 5:25:06 PM
350 info attempt registry request try #1 at 5:25:06 PM
351 http fetch GET https://registry.npmjs.org/react-is/-/react-is-16.8.5.tgz
352 verbose request using bearer token for auth
353 http fetch 200 https://registry.npmjs.org/react-is/-/react-is-16.8.5.tgz
354 silly fetchAndShaCheck shasum c54ac229dd66b5afe0de5acbe47647c3da692ff8
355 verbose addTmpTarball /tmp/npm-4183-a539bc6c/registry.npmjs.org/react-is/-/react-is-16.8.5.tgz not in flight; adding
356 verbose addTmpTarball already have metadata; skipping unpack for react-is@16.8.5
357 silly cache afterAdd react-is@16.8.5
358 verbose afterAdd /home/sbushman/.npm/react-is/16.8.5/package/package.json not in flight; writing
359 verbose afterAdd /home/sbushman/.npm/react-is/16.8.5/package/package.json written
360 silly loadAllDepsIntoIdealTree Finishing
361 silly idealTree:prePrune midboss@0.15.1
361 silly idealTree:prePrune ├── @types/node@11.11.7
361 silly idealTree:prePrune ├── @types/prop-types@15.7.0
361 silly idealTree:prePrune ├── @types/react-dom@16.8.3
361 silly idealTree:prePrune ├── @types/react@16.8.8
361 silly idealTree:prePrune ├── ansi-regex@3.0.0
361 silly idealTree:prePrune ├── ansi-styles@3.2.1
361 silly idealTree:prePrune ├── camelcase@5.2.0
361 silly idealTree:prePrune ├─┬ chalk@2.4.2
361 silly idealTree:prePrune │ └── supports-color@5.5.0
361 silly idealTree:prePrune ├── cliui@4.1.0
361 silly idealTree:prePrune ├── code-point-at@1.1.0
361 silly idealTree:prePrune ├── color-convert@1.9.3
361 silly idealTree:prePrune ├── color-name@1.1.3
361 silly idealTree:prePrune ├── concurrently@4.1.0
361 silly idealTree:prePrune ├── cross-env@5.2.0
361 silly idealTree:prePrune ├── cross-spawn@6.0.5
361 silly idealTree:prePrune ├── csstype@2.6.3
361 silly idealTree:prePrune ├── date-fns@1.30.1
361 silly idealTree:prePrune ├── decamelize@1.2.0
361 silly idealTree:prePrune ├── end-of-stream@1.4.1
361 silly idealTree:prePrune ├── error-ex@1.3.2
361 silly idealTree:prePrune ├── escape-string-regexp@1.0.5
361 silly idealTree:prePrune ├── eslint-plugin-react-hooks@1.5.1
361 silly idealTree:prePrune ├── execa@1.0.0
361 silly idealTree:prePrune ├── find-up@3.0.0
361 silly idealTree:prePrune ├── flavor-saver@0.12.1
361 silly idealTree:prePrune ├── get-caller-file@1.0.3
361 silly idealTree:prePrune ├── get-stream@4.1.0
361 silly idealTree:prePrune ├── has-flag@3.0.0
361 silly idealTree:prePrune ├── hosted-git-info@2.7.1
361 silly idealTree:prePrune ├── immer@2.1.4
361 silly idealTree:prePrune ├── invert-kv@2.0.0
361 silly idealTree:prePrune ├── is-arrayish@0.2.1
361 silly idealTree:prePrune ├── is-fullwidth-code-point@2.0.0
361 silly idealTree:prePrune ├── is-stream@1.1.0
361 silly idealTree:prePrune ├── is-windows@1.0.2
361 silly idealTree:prePrune ├── isexe@2.0.0
361 silly idealTree:prePrune ├── isomorphic-unfetch@3.0.0
361 silly idealTree:prePrune ├── js-tokens@4.0.0
361 silly idealTree:prePrune ├── json-parse-better-errors@1.0.2
361 silly idealTree:prePrune ├── lcid@2.0.0
361 silly idealTree:prePrune ├── locate-path@3.0.0
361 silly idealTree:prePrune ├── lodash@4.17.11
361 silly idealTree:prePrune ├── loose-envify@1.4.0
361 silly idealTree:prePrune ├── map-age-cleaner@0.1.3
361 silly idealTree:prePrune ├── mem@4.1.0
361 silly idealTree:prePrune ├── mimic-fn@1.2.0
361 silly idealTree:prePrune ├── moment@2.24.0
361 silly idealTree:prePrune ├── nice-try@1.0.5
361 silly idealTree:prePrune ├── node-fetch@2.3.0
361 silly idealTree:prePrune ├── normalize-package-data@2.5.0
361 silly idealTree:prePrune ├── npm-run-path@2.0.2
361 silly idealTree:prePrune ├── number-is-nan@1.0.1
361 silly idealTree:prePrune ├── object-assign@4.1.1
361 silly idealTree:prePrune ├── once@1.4.0
361 silly idealTree:prePrune ├── os-locale@3.1.0
361 silly idealTree:prePrune ├── p-defer@1.0.0
361 silly idealTree:prePrune ├── p-finally@1.0.0
361 silly idealTree:prePrune ├── p-is-promise@2.0.0
361 silly idealTree:prePrune ├── p-limit@2.2.0
361 silly idealTree:prePrune ├── p-locate@3.0.0
361 silly idealTree:prePrune ├── p-try@2.0.0
361 silly idealTree:prePrune ├── parse-json@4.0.0
361 silly idealTree:prePrune ├── path-exists@3.0.0
361 silly idealTree:prePrune ├── path-key@2.0.1
361 silly idealTree:prePrune ├── path-parse@1.0.6
361 silly idealTree:prePrune ├── pify@3.0.0
361 silly idealTree:prePrune ├── prop-types@15.7.2
361 silly idealTree:prePrune ├── pubsub-js@1.7.0
361 silly idealTree:prePrune ├── pump@3.0.0
361 silly idealTree:prePrune ├── react-dom@16.8.5
361 silly idealTree:prePrune ├── react-is@16.8.5
361 silly idealTree:prePrune ├── react@16.8.5
361 silly idealTree:prePrune ├── read-pkg@4.0.1
361 silly idealTree:prePrune ├── require-directory@2.1.1
361 silly idealTree:prePrune ├── require-main-filename@1.0.1
361 silly idealTree:prePrune ├── resolve@1.10.0
361 silly idealTree:prePrune ├── rxjs@6.4.0
361 silly idealTree:prePrune ├── scheduler@0.13.5
361 silly idealTree:prePrune ├── semver@5.6.0
361 silly idealTree:prePrune ├── set-blocking@2.0.0
361 silly idealTree:prePrune ├── shebang-command@1.2.0
361 silly idealTree:prePrune ├── shebang-regex@1.0.0
361 silly idealTree:prePrune ├── signal-exit@3.0.2
361 silly idealTree:prePrune ├── spawn-command@0.0.2-1
361 silly idealTree:prePrune ├── spdx-correct@3.1.0
361 silly idealTree:prePrune ├── spdx-exceptions@2.2.0
361 silly idealTree:prePrune ├── spdx-expression-parse@3.0.0
361 silly idealTree:prePrune ├── spdx-license-ids@3.0.3
361 silly idealTree:prePrune ├── string-width@2.1.1
361 silly idealTree:prePrune ├── strip-ansi@4.0.0
361 silly idealTree:prePrune ├── strip-eof@1.0.0
361 silly idealTree:prePrune ├─┬ supports-color@4.5.0
361 silly idealTree:prePrune │ └── has-flag@2.0.0
361 silly idealTree:prePrune ├── tree-kill@1.2.1
361 silly idealTree:prePrune ├── tslib@1.9.3
361 silly idealTree:prePrune ├── typescript@3.3.4000
361 silly idealTree:prePrune ├── unfetch@4.1.0
361 silly idealTree:prePrune ├── validate-npm-package-license@3.0.4
361 silly idealTree:prePrune ├── which-module@2.0.0
361 silly idealTree:prePrune ├── which@1.3.1
361 silly idealTree:prePrune ├─┬ wrap-ansi@2.1.0
361 silly idealTree:prePrune │ ├── ansi-regex@2.1.1
361 silly idealTree:prePrune │ ├── is-fullwidth-code-point@1.0.0
361 silly idealTree:prePrune │ ├── string-width@1.0.2
361 silly idealTree:prePrune │ └── strip-ansi@3.0.1
361 silly idealTree:prePrune ├── wrappy@1.0.2
361 silly idealTree:prePrune ├── y18n@4.0.0
361 silly idealTree:prePrune ├── yargs-parser@11.1.1
361 silly idealTree:prePrune └── yargs@12.0.5
362 silly loadIdealTree Finishing
363 silly currentTree midboss@0.15.1
363 silly currentTree ├── @types/node@11.11.7
363 silly currentTree ├── @types/prop-types@15.7.0
363 silly currentTree ├── @types/react-dom@16.8.3
363 silly currentTree ├── @types/react@16.8.8
363 silly currentTree ├── ansi-regex@3.0.0
363 silly currentTree ├── ansi-styles@3.2.1
363 silly currentTree ├── camelcase@5.2.0
363 silly currentTree ├─┬ chalk@2.4.2
363 silly currentTree │ └── supports-color@5.5.0
363 silly currentTree ├── cliui@4.1.0
363 silly currentTree ├── code-point-at@1.1.0
363 silly currentTree ├── color-convert@1.9.3
363 silly currentTree ├── color-name@1.1.3
363 silly currentTree ├── concurrently@4.1.0
363 silly currentTree ├── cross-env@5.2.0
363 silly currentTree ├── cross-spawn@6.0.5
363 silly currentTree ├── csstype@2.6.3
363 silly currentTree ├── date-fns@1.30.1
363 silly currentTree ├── decamelize@1.2.0
363 silly currentTree ├── end-of-stream@1.4.1
363 silly currentTree ├── error-ex@1.3.2
363 silly currentTree ├── escape-string-regexp@1.0.5
363 silly currentTree ├── eslint-plugin-react-hooks@1.5.1
363 silly currentTree ├── execa@1.0.0
363 silly currentTree ├── find-up@3.0.0
363 silly currentTree ├── flavor-saver@0.12.1
363 silly currentTree ├── get-caller-file@1.0.3
363 silly currentTree ├── get-stream@4.1.0
363 silly currentTree ├── has-flag@3.0.0
363 silly currentTree ├── hosted-git-info@2.7.1
363 silly currentTree ├── immer@2.1.4
363 silly currentTree ├── invert-kv@2.0.0
363 silly currentTree ├── is-arrayish@0.2.1
363 silly currentTree ├── is-fullwidth-code-point@2.0.0
363 silly currentTree ├── is-stream@1.1.0
363 silly currentTree ├── is-windows@1.0.2
363 silly currentTree ├── isexe@2.0.0
363 silly currentTree ├── isomorphic-unfetch@3.0.0
363 silly currentTree ├── js-tokens@4.0.0
363 silly currentTree ├── json-parse-better-errors@1.0.2
363 silly currentTree ├── lcid@2.0.0
363 silly currentTree ├── locate-path@3.0.0
363 silly currentTree ├── lodash@4.17.11
363 silly currentTree ├── loose-envify@1.4.0
363 silly currentTree ├── map-age-cleaner@0.1.3
363 silly currentTree ├── mem@4.1.0
363 silly currentTree ├── mimic-fn@1.2.0
363 silly currentTree ├── moment@2.24.0
363 silly currentTree ├── nice-try@1.0.5
363 silly currentTree ├── node-fetch@2.3.0
363 silly currentTree ├── normalize-package-data@2.5.0
363 silly currentTree ├── npm-run-path@2.0.2
363 silly currentTree ├── number-is-nan@1.0.1
363 silly currentTree ├── object-assign@4.1.1
363 silly currentTree ├── once@1.4.0
363 silly currentTree ├── os-locale@3.1.0
363 silly currentTree ├── p-defer@1.0.0
363 silly currentTree ├── p-finally@1.0.0
363 silly currentTree ├── p-is-promise@2.0.0
363 silly currentTree ├── p-limit@2.2.0
363 silly currentTree ├── p-locate@3.0.0
363 silly currentTree ├── p-try@2.0.0
363 silly currentTree ├── parse-json@4.0.0
363 silly currentTree ├── path-exists@3.0.0
363 silly currentTree ├── path-key@2.0.1
363 silly currentTree ├── path-parse@1.0.6
363 silly currentTree ├── pify@3.0.0
363 silly currentTree ├── prop-types@15.7.2
363 silly currentTree ├── pubsub-js@1.7.0
363 silly currentTree ├── pump@3.0.0
363 silly currentTree ├── react-dom@16.8.4
363 silly currentTree ├── react-is@16.8.4
363 silly currentTree ├── react@16.8.4
363 silly currentTree ├── read-pkg@4.0.1
363 silly currentTree ├── require-directory@2.1.1
363 silly currentTree ├── require-main-filename@1.0.1
363 silly currentTree ├── resolve@1.10.0
363 silly currentTree ├── rxjs@6.4.0
363 silly currentTree ├── scheduler@0.13.4
363 silly currentTree ├── semver@5.6.0
363 silly currentTree ├── set-blocking@2.0.0
363 silly currentTree ├── shebang-command@1.2.0
363 silly currentTree ├── shebang-regex@1.0.0
363 silly currentTree ├── signal-exit@3.0.2
363 silly currentTree ├── spawn-command@0.0.2-1
363 silly currentTree ├── spdx-correct@3.1.0
363 silly currentTree ├── spdx-exceptions@2.2.0
363 silly currentTree ├── spdx-expression-parse@3.0.0
363 silly currentTree ├── spdx-license-ids@3.0.3
363 silly currentTree ├── string-width@2.1.1
363 silly currentTree ├── strip-ansi@4.0.0
363 silly currentTree ├── strip-eof@1.0.0
363 silly currentTree ├─┬ supports-color@4.5.0
363 silly currentTree │ └── has-flag@2.0.0
363 silly currentTree ├── tree-kill@1.2.1
363 silly currentTree ├── tslib@1.9.3
363 silly currentTree ├── typescript@3.3.4000
363 silly currentTree ├── unfetch@4.1.0
363 silly currentTree ├── validate-npm-package-license@3.0.4
363 silly currentTree ├── which-module@2.0.0
363 silly currentTree ├── which@1.3.1
363 silly currentTree ├─┬ wrap-ansi@2.1.0
363 silly currentTree │ ├── ansi-regex@2.1.1
363 silly currentTree │ ├── is-fullwidth-code-point@1.0.0
363 silly currentTree │ ├── string-width@1.0.2
363 silly currentTree │ └── strip-ansi@3.0.1
363 silly currentTree ├── wrappy@1.0.2
363 silly currentTree ├── y18n@4.0.0
363 silly currentTree ├── yargs-parser@11.1.1
363 silly currentTree └── yargs@12.0.5
364 silly idealTree midboss@0.15.1
364 silly idealTree ├── @types/node@11.11.7
364 silly idealTree ├── @types/prop-types@15.7.0
364 silly idealTree ├── @types/react-dom@16.8.3
364 silly idealTree ├── @types/react@16.8.8
364 silly idealTree ├── ansi-regex@3.0.0
364 silly idealTree ├── ansi-styles@3.2.1
364 silly idealTree ├── camelcase@5.2.0
364 silly idealTree ├─┬ chalk@2.4.2
364 silly idealTree │ └── supports-color@5.5.0
364 silly idealTree ├── cliui@4.1.0
364 silly idealTree ├── code-point-at@1.1.0
364 silly idealTree ├── color-convert@1.9.3
364 silly idealTree ├── color-name@1.1.3
364 silly idealTree ├── concurrently@4.1.0
364 silly idealTree ├── cross-env@5.2.0
364 silly idealTree ├── cross-spawn@6.0.5
364 silly idealTree ├── csstype@2.6.3
364 silly idealTree ├── date-fns@1.30.1
364 silly idealTree ├── decamelize@1.2.0
364 silly idealTree ├── end-of-stream@1.4.1
364 silly idealTree ├── error-ex@1.3.2
364 silly idealTree ├── escape-string-regexp@1.0.5
364 silly idealTree ├── eslint-plugin-react-hooks@1.5.1
364 silly idealTree ├── execa@1.0.0
364 silly idealTree ├── find-up@3.0.0
364 silly idealTree ├── flavor-saver@0.12.1
364 silly idealTree ├── get-caller-file@1.0.3
364 silly idealTree ├── get-stream@4.1.0
364 silly idealTree ├── has-flag@3.0.0
364 silly idealTree ├── hosted-git-info@2.7.1
364 silly idealTree ├── immer@2.1.4
364 silly idealTree ├── invert-kv@2.0.0
364 silly idealTree ├── is-arrayish@0.2.1
364 silly idealTree ├── is-fullwidth-code-point@2.0.0
364 silly idealTree ├── is-stream@1.1.0
364 silly idealTree ├── is-windows@1.0.2
364 silly idealTree ├── isexe@2.0.0
364 silly idealTree ├── isomorphic-unfetch@3.0.0
364 silly idealTree ├── js-tokens@4.0.0
364 silly idealTree ├── json-parse-better-errors@1.0.2
364 silly idealTree ├── lcid@2.0.0
364 silly idealTree ├── locate-path@3.0.0
364 silly idealTree ├── lodash@4.17.11
364 silly idealTree ├── loose-envify@1.4.0
364 silly idealTree ├── map-age-cleaner@0.1.3
364 silly idealTree ├── mem@4.1.0
364 silly idealTree ├── mimic-fn@1.2.0
364 silly idealTree ├── moment@2.24.0
364 silly idealTree ├── nice-try@1.0.5
364 silly idealTree ├── node-fetch@2.3.0
364 silly idealTree ├── normalize-package-data@2.5.0
364 silly idealTree ├── npm-run-path@2.0.2
364 silly idealTree ├── number-is-nan@1.0.1
364 silly idealTree ├── object-assign@4.1.1
364 silly idealTree ├── once@1.4.0
364 silly idealTree ├── os-locale@3.1.0
364 silly idealTree ├── p-defer@1.0.0
364 silly idealTree ├── p-finally@1.0.0
364 silly idealTree ├── p-is-promise@2.0.0
364 silly idealTree ├── p-limit@2.2.0
364 silly idealTree ├── p-locate@3.0.0
364 silly idealTree ├── p-try@2.0.0
364 silly idealTree ├── parse-json@4.0.0
364 silly idealTree ├── path-exists@3.0.0
364 silly idealTree ├── path-key@2.0.1
364 silly idealTree ├── path-parse@1.0.6
364 silly idealTree ├── pify@3.0.0
364 silly idealTree ├── prop-types@15.7.2
364 silly idealTree ├── pubsub-js@1.7.0
364 silly idealTree ├── pump@3.0.0
364 silly idealTree ├── react-dom@16.8.5
364 silly idealTree ├── react-is@16.8.5
364 silly idealTree ├── react@16.8.5
364 silly idealTree ├── read-pkg@4.0.1
364 silly idealTree ├── require-directory@2.1.1
364 silly idealTree ├── require-main-filename@1.0.1
364 silly idealTree ├── resolve@1.10.0
364 silly idealTree ├── rxjs@6.4.0
364 silly idealTree ├── scheduler@0.13.5
364 silly idealTree ├── semver@5.6.0
364 silly idealTree ├── set-blocking@2.0.0
364 silly idealTree ├── shebang-command@1.2.0
364 silly idealTree ├── shebang-regex@1.0.0
364 silly idealTree ├── signal-exit@3.0.2
364 silly idealTree ├── spawn-command@0.0.2-1
364 silly idealTree ├── spdx-correct@3.1.0
364 silly idealTree ├── spdx-exceptions@2.2.0
364 silly idealTree ├── spdx-expression-parse@3.0.0
364 silly idealTree ├── spdx-license-ids@3.0.3
364 silly idealTree ├── string-width@2.1.1
364 silly idealTree ├── strip-ansi@4.0.0
364 silly idealTree ├── strip-eof@1.0.0
364 silly idealTree ├─┬ supports-color@4.5.0
364 silly idealTree │ └── has-flag@2.0.0
364 silly idealTree ├── tree-kill@1.2.1
364 silly idealTree ├── tslib@1.9.3
364 silly idealTree ├── typescript@3.3.4000
364 silly idealTree ├── unfetch@4.1.0
364 silly idealTree ├── validate-npm-package-license@3.0.4
364 silly idealTree ├── which-module@2.0.0
364 silly idealTree ├── which@1.3.1
364 silly idealTree ├─┬ wrap-ansi@2.1.0
364 silly idealTree │ ├── ansi-regex@2.1.1
364 silly idealTree │ ├── is-fullwidth-code-point@1.0.0
364 silly idealTree │ ├── string-width@1.0.2
364 silly idealTree │ └── strip-ansi@3.0.1
364 silly idealTree ├── wrappy@1.0.2
364 silly idealTree ├── y18n@4.0.0
364 silly idealTree ├── yargs-parser@11.1.1
364 silly idealTree └── yargs@12.0.5
365 silly generateActionsToTake Starting
366 silly install generateActionsToTake
367 silly rollbackFailedOptional Starting
368 silly rollbackFailedOptional Finishing
369 silly runTopLevelLifecycles Starting
370 silly runTopLevelLifecycles Finishing
371 silly install printInstalled
372 verbose stack Error: Appears to be a git repo or submodule.
372 verbose stack     at /usr/share/npm/node_modules/npm-install-checks/index.js:138:15
372 verbose stack     at FSReqWrap.oncomplete (fs.js:153:5)
373 verbose cwd /home/sbushman/dev/midboss
374 error Linux 4.15.0-1034-oem
375 error argv "/usr/bin/node" "/usr/bin/npm" "install" "--save-dev" "react@16.8.5" "react-dom@16.8.5" "--color=always"
376 error node v8.10.0
377 error npm  v3.5.2
378 error path /home/sbushman/dev/midboss/node_modules/flavor-saver
379 error code EISGIT
380 error git Appears to be a git repo or submodule.
381 error git /home/sbushman/dev/midboss/node_modules/flavor-saver
382 error git Refusing to remove it. Update manually,
382 error git or move it out of the way first.
383 verbose exit [ 1, true ]
